Grammar

    0 $accept: commands $end

    1 commands: %empty
    2         | commands command

    3 command: heat_switch
    4        | target_set

    5 target_set: TOKTARGET TOKTEMPERATURE NUMBER

    6 heat_switch: TOKHEAT STATE


Terminals, with rules where they appear

$end (0) 0
error (256)
NUMBER (258) 5
TOKHEAT (259) 6
STATE (260) 6
TOKTARGET (261) 5
TOKTEMPERATURE (262) 5


Nonterminals, with rules where they appear

$accept (8)
    on left: 0
commands (9)
    on left: 1 2, on right: 0 2
command (10)
    on left: 3 4, on right: 2
target_set (11)
    on left: 5, on right: 4
heat_switch (12)
    on left: 6, on right: 3


State 0

    0 $accept: . commands $end
    1 commands: . %empty
    2         | . commands command

    $default  reduce using rule 1 (commands)

    commands  go to state 1


State 1

    0 $accept: commands . $end
    2 commands: commands . command
    3 command: . heat_switch
    4        | . target_set
    5 target_set: . TOKTARGET TOKTEMPERATURE NUMBER
    6 heat_switch: . TOKHEAT STATE

    $end       shift, and go to state 2
    TOKHEAT    shift, and go to state 3
    TOKTARGET  shift, and go to state 4

    command      go to state 5
    target_set   go to state 6
    heat_switch  go to state 7


State 2

    0 $accept: commands $end .

    $default  accept


State 3

    6 heat_switch: TOKHEAT . STATE

    STATE  shift, and go to state 8


State 4

    5 target_set: TOKTARGET . TOKTEMPERATURE NUMBER

    TOKTEMPERATURE  shift, and go to state 9


State 5

    2 commands: commands command .

    $default  reduce using rule 2 (commands)


State 6

    4 command: target_set .

    $default  reduce using rule 4 (command)


State 7

    3 command: heat_switch .

    $default  reduce using rule 3 (command)


State 8

    6 heat_switch: TOKHEAT STATE .

    $default  reduce using rule 6 (heat_switch)


State 9

    5 target_set: TOKTARGET TOKTEMPERATURE . NUMBER

    NUMBER  shift, and go to state 10


State 10

    5 target_set: TOKTARGET TOKTEMPERATURE NUMBER .

    $default  reduce using rule 5 (target_set)
